<?xml version="1.0" encoding="UTF-8"?>
<!-- Generated by org.testng.reporters.JUnitXMLReporter -->
<testsuite ignored="2" hostname="DESKTOP-G7OM2A0" failures="0" tests="6" name="Test" time="32.134" errors="0" timestamp="2022-09-05T12:11:57 CEST">
  <testcase classname="testcase.CheckCalculations" name="checkFranceCalculations" time="8.157"/>
  <testcase classname="testcase.CheckCalculations" name="checkItalyCalculations" time="6.32"/>
  <testcase classname="testcase.CheckCalculations" name="checkUKCalculations" time="3.995"/>
  <testcase classname="testcase.VatRatesAvailable" name="checkFranceVATrates" time="2.775"/>
  <testcase classname="testcase.VatRatesAvailable" name="checkItalyVATrates" time="2.784"/>
  <testcase classname="testcase.VatRatesAvailable" name="checkUKVATrates" time="1.779"/>
  <testcase classname="base.BaseTest" name="@AfterTest tearDown" time="0.0">
    <ignored/>
  </testcase> <!-- @AfterTest tearDown -->
  <testcase classname="base.BaseTest" name="@BeforeTest setUp" time="0.0">
    <ignored/>
  </testcase> <!-- @BeforeTest setUp -->
</testsuite> <!-- Test -->
