<?xml version="1.0" encoding="UTF-8"?>
<!-- Generated by org.testng.reporters.JUnitXMLReporter -->
<testsuite ignored="0" hostname="DESKTOP-G7OM2A0" failures="0" tests="3" name="Default test" time="25.439" errors="0" timestamp="2022-09-23T19:37:59 CEST">
  <testcase classname="testcase.CheckCalculations" name="checkFranceCalculations" time="8.247"/>
  <testcase classname="testcase.CheckCalculations" name="checkItalyCalculations" time="6.815"/>
  <testcase classname="testcase.CheckCalculations" name="checkUKCalculations" time="4.112"/>
</testsuite> <!-- Default test -->
