<?xml version="1.0" encoding="UTF-8"?>
<testng-results ignored="2" total="8" passed="6" failed="0" skipped="0">
  <reporter-output>
  </reporter-output>
  <suite started-at="2022-09-05T12:11:25 CEST" name="Suite" finished-at="2022-09-05T12:11:57 CEST" duration-ms="32134">
    <groups>
    </groups>
    <test started-at="2022-09-05T12:11:25 CEST" name="Test" finished-at="2022-09-05T12:11:57 CEST" duration-ms="32134">
      <class name="testcase.VatRatesAvailable">
        <test-method signature="checkFranceVATrates()[pri:0, instance:testcase.VatRatesAvailable@18078bef]" started-at="2022-09-05T12:11:50 CEST" name="checkFranceVATrates" finished-at="2022-09-05T12:11:53 CEST" duration-ms="2775" status="PASS">
          <reporter-output>
          </reporter-output>
        </test-method> <!-- checkFranceVATrates -->
        <test-method signature="checkItalyVATrates()[pri:0, instance:testcase.VatRatesAvailable@18078bef]" started-at="2022-09-05T12:11:53 CEST" name="checkItalyVATrates" finished-at="2022-09-05T12:11:55 CEST" duration-ms="2784" status="PASS">
          <reporter-output>
          </reporter-output>
        </test-method> <!-- checkItalyVATrates -->
        <test-method signature="checkUKVATrates()[pri:0, instance:testcase.VatRatesAvailable@18078bef]" started-at="2022-09-05T12:11:55 CEST" name="checkUKVATrates" finished-at="2022-09-05T12:11:57 CEST" duration-ms="1779" status="PASS">
          <reporter-output>
          </reporter-output>
        </test-method> <!-- checkUKVATrates -->
      </class> <!-- testcase.VatRatesAvailable -->
      <class name="testcase.CheckCalculations">
        <test-method is-config="true" signature="setUp()[pri:0, instance:testcase.CheckCalculations@f6efaab]" started-at="2022-09-05T12:11:25 CEST" name="setUp" finished-at="2022-09-05T12:11:31 CEST" duration-ms="6086" status="PASS">
          <reporter-output>
          </reporter-output>
        </test-method> <!-- setUp -->
        <test-method signature="checkFranceCalculations()[pri:0, instance:testcase.CheckCalculations@f6efaab]" started-at="2022-09-05T12:11:31 CEST" name="checkFranceCalculations" finished-at="2022-09-05T12:11:39 CEST" duration-ms="8157" status="PASS">
          <reporter-output>
          </reporter-output>
        </test-method> <!-- checkFranceCalculations -->
        <test-method signature="checkItalyCalculations()[pri:0, instance:testcase.CheckCalculations@f6efaab]" started-at="2022-09-05T12:11:39 CEST" name="checkItalyCalculations" finished-at="2022-09-05T12:11:46 CEST" duration-ms="6320" status="PASS">
          <reporter-output>
          </reporter-output>
        </test-method> <!-- checkItalyCalculations -->
        <test-method signature="checkUKCalculations()[pri:0, instance:testcase.CheckCalculations@f6efaab]" started-at="2022-09-05T12:11:46 CEST" name="checkUKCalculations" finished-at="2022-09-05T12:11:50 CEST" duration-ms="3995" status="PASS">
          <reporter-output>
          </reporter-output>
        </test-method> <!-- checkUKCalculations -->
        <test-method is-config="true" signature="tearDown()[pri:0, instance:testcase.CheckCalculations@f6efaab]" started-at="2022-09-05T12:11:57 CEST" name="tearDown" finished-at="2022-09-05T12:11:57 CEST" duration-ms="171" status="PASS">
          <reporter-output>
          </reporter-output>
        </test-method> <!-- tearDown -->
      </class> <!-- testcase.CheckCalculations -->
    </test> <!-- Test -->
  </suite> <!-- Suite -->
</testng-results>
