<?xml version="1.0" encoding="UTF-8"?>
<!-- Generated by org.testng.reporters.JUnitXMLReporter -->
<testsuite ignored="2" hostname="DESKTOP-G7OM2A0" failures="0" tests="1" name="Test(failed)" time="11.979" errors="0" timestamp="2022-09-05T13:37:14 CEST">
  <testcase classname="testcase.CheckCalculations" name="checkItalyCalculations" time="7.134"/>
  <testcase classname="testcase.CheckCalculations" name="checkUKCalculations" time="0.0">
    <ignored/>
  </testcase> <!-- checkUKCalculations -->
  <testcase classname="testcase.CheckCalculations" name="checkFranceCalculations" time="0.0">
    <ignored/>
  </testcase> <!-- checkFranceCalculations -->
</testsuite> <!-- Test(failed) -->
