<?xml version="1.0" encoding="UTF-8"?>
<!-- Generated by org.testng.reporters.JUnitXMLReporter -->
<testsuite ignored="2" hostname="DESKTOP-G7OM2A0" failures="0" tests="6" name="Test" time="27.385" errors="0" timestamp="2022-09-10T14:20:28 CEST">
  <testcase classname="testcase.VatRatesAvailable" name="checkFranceVATrates" time="3.154"/>
  <testcase classname="testcase.VatRatesAvailable" name="checkItalyVATrates" time="1.45"/>
  <testcase classname="testcase.VatRatesAvailable" name="checkUKVATrates" time="1.306"/>
  <testcase classname="testcase.CheckCalculations" name="checkFranceCalculations" time="5.94"/>
  <testcase classname="testcase.CheckCalculations" name="checkItalyCalculations" time="5.76"/>
  <testcase classname="testcase.CheckCalculations" name="checkUKCalculations" time="3.378"/>
  <testcase classname="base.BaseTest" name="@BeforeTest setUp" time="0.0">
    <ignored/>
  </testcase> <!-- @BeforeTest setUp -->
  <testcase classname="base.BaseTest" name="@AfterTest tearDown" time="0.0">
    <ignored/>
  </testcase> <!-- @AfterTest tearDown -->
</testsuite> <!-- Test -->
