<?xml version="1.0" encoding="UTF-8"?>
<testng-results ignored="2" total="8" passed="6" failed="0" skipped="0">
  <reporter-output>
  </reporter-output>
  <suite started-at="2022-09-25T16:27:46 CEST" name="Calkoo_automation" finished-at="2022-09-25T16:28:20 CEST" duration-ms="33699">
    <groups>
    </groups>
    <test started-at="2022-09-25T16:27:46 CEST" name="Test" finished-at="2022-09-25T16:28:20 CEST" duration-ms="33699">
      <class name="testcase.VatRatesAvailable">
        <test-method is-config="true" signature="setUp()[pri:0, instance:testcase.VatRatesAvailable@6a6afff2]" started-at="2022-09-25T16:27:46 CEST" name="setUp" finished-at="2022-09-25T16:27:54 CEST" duration-ms="7853" status="PASS">
          <reporter-output>
          </reporter-output>
        </test-method> <!-- setUp -->
        <test-method signature="checkFranceVATrates()[pri:0, instance:testcase.VatRatesAvailable@6a6afff2]" started-at="2022-09-25T16:27:54 CEST" name="checkFranceVATrates" finished-at="2022-09-25T16:27:58 CEST" duration-ms="4438" status="PASS">
          <reporter-output>
          </reporter-output>
        </test-method> <!-- checkFranceVATrates -->
        <test-method signature="checkItalyVATrates()[pri:0, instance:testcase.VatRatesAvailable@6a6afff2]" started-at="2022-09-25T16:27:58 CEST" name="checkItalyVATrates" finished-at="2022-09-25T16:28:01 CEST" duration-ms="2439" status="PASS">
          <reporter-output>
          </reporter-output>
        </test-method> <!-- checkItalyVATrates -->
        <test-method signature="checkUKVATrates()[pri:0, instance:testcase.VatRatesAvailable@6a6afff2]" started-at="2022-09-25T16:28:01 CEST" name="checkUKVATrates" finished-at="2022-09-25T16:28:03 CEST" duration-ms="1748" status="PASS">
          <reporter-output>
          </reporter-output>
        </test-method> <!-- checkUKVATrates -->
        <test-method is-config="true" signature="tearDown()[pri:0, instance:testcase.VatRatesAvailable@6a6afff2]" started-at="2022-09-25T16:28:20 CEST" name="tearDown" finished-at="2022-09-25T16:28:20 CEST" duration-ms="174" status="PASS">
          <reporter-output>
          </reporter-output>
        </test-method> <!-- tearDown -->
      </class> <!-- testcase.VatRatesAvailable -->
      <class name="testcase.CheckCalculations">
        <test-method signature="checkFranceCalculations()[pri:0, instance:testcase.CheckCalculations@770d3326]" started-at="2022-09-25T16:28:03 CEST" name="checkFranceCalculations" finished-at="2022-09-25T16:28:09 CEST" duration-ms="6687" status="PASS">
          <reporter-output>
          </reporter-output>
        </test-method> <!-- checkFranceCalculations -->
        <test-method signature="checkItalyCalculations()[pri:0, instance:testcase.CheckCalculations@770d3326]" started-at="2022-09-25T16:28:09 CEST" name="checkItalyCalculations" finished-at="2022-09-25T16:28:16 CEST" duration-ms="6302" status="PASS">
          <reporter-output>
          </reporter-output>
        </test-method> <!-- checkItalyCalculations -->
        <test-method signature="checkUKCalculations()[pri:0, instance:testcase.CheckCalculations@770d3326]" started-at="2022-09-25T16:28:16 CEST" name="checkUKCalculations" finished-at="2022-09-25T16:28:20 CEST" duration-ms="3967" status="PASS">
          <reporter-output>
          </reporter-output>
        </test-method> <!-- checkUKCalculations -->
      </class> <!-- testcase.CheckCalculations -->
    </test> <!-- Test -->
  </suite> <!-- Calkoo_automation -->
</testng-results>
