<?xml version="1.0" encoding="UTF-8"?>
<testng-results ignored="0" total="3" passed="3" failed="0" skipped="0">
  <reporter-output>
  </reporter-output>
  <suite started-at="2022-09-23T19:37:34 CEST" name="Default suite" finished-at="2022-09-23T19:37:59 CEST" duration-ms="25439">
    <groups>
    </groups>
    <test started-at="2022-09-23T19:37:34 CEST" name="Default test" finished-at="2022-09-23T19:37:59 CEST" duration-ms="25439">
      <class name="testcase.CheckCalculations">
        <test-method is-config="true" signature="setUp()[pri:0, instance:testcase.CheckCalculations@1aafa419]" started-at="2022-09-23T19:37:34 CEST" name="setUp" finished-at="2022-09-23T19:37:40 CEST" duration-ms="6055" status="PASS">
          <reporter-output>
          </reporter-output>
        </test-method> <!-- setUp -->
        <test-method signature="checkFranceCalculations()[pri:0, instance:testcase.CheckCalculations@1aafa419]" started-at="2022-09-23T19:37:40 CEST" name="checkFranceCalculations" finished-at="2022-09-23T19:37:48 CEST" duration-ms="8247" status="PASS">
          <reporter-output>
          </reporter-output>
        </test-method> <!-- checkFranceCalculations -->
        <test-method signature="checkItalyCalculations()[pri:0, instance:testcase.CheckCalculations@1aafa419]" started-at="2022-09-23T19:37:48 CEST" name="checkItalyCalculations" finished-at="2022-09-23T19:37:55 CEST" duration-ms="6815" status="PASS">
          <reporter-output>
          </reporter-output>
        </test-method> <!-- checkItalyCalculations -->
        <test-method signature="checkUKCalculations()[pri:0, instance:testcase.CheckCalculations@1aafa419]" started-at="2022-09-23T19:37:55 CEST" name="checkUKCalculations" finished-at="2022-09-23T19:37:59 CEST" duration-ms="4112" status="PASS">
          <reporter-output>
          </reporter-output>
        </test-method> <!-- checkUKCalculations -->
        <test-method is-config="true" signature="tearDown()[pri:0, instance:testcase.CheckCalculations@1aafa419]" started-at="2022-09-23T19:37:59 CEST" name="tearDown" finished-at="2022-09-23T19:37:59 CEST" duration-ms="153" status="PASS">
          <reporter-output>
          </reporter-output>
        </test-method> <!-- tearDown -->
      </class> <!-- testcase.CheckCalculations -->
    </test> <!-- Default test -->
  </suite> <!-- Default suite -->
</testng-results>
