<?xml version="1.0" encoding="UTF-8"?>
<!-- Generated by org.testng.reporters.JUnitXMLReporter -->
<testsuite ignored="0" hostname="DESKTOP-G7OM2A0" failures="0" tests="3" name="Default test" time="11.825" errors="0" timestamp="2022-09-05T11:47:32 CEST">
  <testcase classname="testcase.VatRatesAvailable" name="checkFranceVATrates" time="2.705"/>
  <testcase classname="testcase.VatRatesAvailable" name="checkItalyVATrates" time="2.342"/>
  <testcase classname="testcase.VatRatesAvailable" name="checkUKVATrates" time="1.508"/>
</testsuite> <!-- Default test -->
